[debug] [2023-04-17T17:53:33.070Z] ----------------------------------------------------------------------
[debug] [2023-04-17T17:53:33.071Z] Command:       /home/amelia/.nvm/versions/node/v18.15.0/bin/node /home/amelia/.nvm/versions/node/v18.15.0/bin/firebase init
[debug] [2023-04-17T17:53:33.072Z] CLI Version:   11.27.0
[debug] [2023-04-17T17:53:33.072Z] Platform:      linux
[debug] [2023-04-17T17:53:33.072Z] Node Version:  v18.15.0
[debug] [2023-04-17T17:53:33.072Z] Time:          Tue Apr 18 2023 01:53:33 GMT+0800 (台北標準時間)
[debug] [2023-04-17T17:53:33.072Z] ----------------------------------------------------------------------
[debug] 
[debug] [2023-04-17T17:53:33.116Z] > command requires scopes: ["email","openid","https://www.googleapis.com/auth/cloudplatformprojects.readonly","https://www.googleapis.com/auth/firebase","https://www.googleapis.com/auth/cloud-platform"]
[debug] [2023-04-17T17:53:33.117Z] > authorizing via signed-in user (l3560589@gmail.com)
[info] 
     ######## #### ########  ######## ########     ###     ######  ########
     ##        ##  ##     ## ##       ##     ##  ##   ##  ##       ##
     ######    ##  ########  ######   ########  #########  ######  ######
     ##        ##  ##    ##  ##       ##     ## ##     ##       ## ##
     ##       #### ##     ## ######## ########  ##     ##  ######  ########

You're about to initialize a Firebase project in this directory:

  /home/amelia/Desktop/js/pm-exams-bank

Before we get started, keep in mind:

  * You are initializing within an existing Firebase project directory

[info] 
=== Project Setup
[info] 
[info] First, let's associate this project directory with a Firebase project.
[info] You can create multiple project aliases by running firebase use --add, 
[info] but for now we'll just set up a default project.
[info] 
[debug] [2023-04-17T17:53:35.628Z] Using project from CLI flag: pm-exams-bank
[debug] [2023-04-17T17:53:35.630Z] >>> [apiv2][query] GET https://firebase.googleapis.com/v1beta1/projects/pm-exams-bank [none]
[debug] [2023-04-17T17:53:35.947Z] <<< [apiv2][status] GET https://firebase.googleapis.com/v1beta1/projects/pm-exams-bank 200
[debug] [2023-04-17T17:53:35.947Z] <<< [apiv2][body] GET https://firebase.googleapis.com/v1beta1/projects/pm-exams-bank {"projectId":"pm-exams-bank","projectNumber":"716711596414","displayName":"pm-exams-bank","name":"projects/pm-exams-bank","resources":{"hostingSite":"pm-exams-bank"},"state":"ACTIVE","etag":"1_0982a2f1-270f-475c-8d4f-9300166f33ae"}
[info] i  Using project pm-exams-bank (pm-exams-bank) 
[info] 
=== Hosting Setup
[info] 
[info] Your public directory is the folder (relative to your project directory) that
[info] will contain Hosting assets to be uploaded with firebase deploy. If you
[info] have a build process for your assets, use your build's output directory.
[info] 
